Fri, 17 Aug 2018 15:41:32 +0300 error SQLSTATE[HY000] [1045] Access denied for user 'pfw_admin'@'localhost' (using password: YES)
Fri, 17 Aug 2018 15:50:49 +0300 error SQLSTATE[42S02]: Base table or view not found: 1146 Table 'pfw_db.users1' doesn't exist
Fri, 17 Aug 2018 15:52:38 +0300 error SQLSTATE[42S02]: Base table or view not found: 1146 Table 'users1' doesn't exist
Sun, 19 Aug 2018 18:07:16 +0300 error SQLSTATE[42S02]: Base table or view not found: 1146 Table 'pfw_db.users1' doesn't exist
Sun, 19 Aug 2018 18:13:23 +0300 error SQLSTATE[42S02]: Base table or view not found: 1146 Table 'pfw_db.users1' doesn't exist
Sun, 19 Aug 2018 18:14:02 +0300 error SQLSTATE[42S02]: Base table or view not found: 1146 Table 'pfw_db.users1' doesn't exist
Sun, 19 Aug 2018 18:14:52 +0300 error SQLSTATE[42S02]: Base table or view not found: 1146 Table 'pfw_db.users1' doesn't exist
Mon, 20 Aug 2018 00:27:17 +0300 error SQLSTATE[42S02]: Base table or view not found: 1146 Table 'pfw_db.users1' doesn't exist
Mon, 20 Aug 2018 00:32:49 +0300 error SQLSTATE[42S02]: Base table or view not found: 1146 Table 'pfw_db.users1' doesn't exist
Mon, 20 Aug 2018 00:35:27 +0300 error SQLSTATE[42S02]: Base table or view not found: 1146 Table 'pfw_db.users1' doesn't exist
Mon, 20 Aug 2018 00:45:06 +0300 error SQLSTATE[42S02]: Base table or view not found: 1146 Table 'pfw_db.users1' doesn't exist
Mon, 20 Aug 2018 00:45:29 +0300 error SQLSTATE[42S02]: Base table or view not found: 1146 Table 'pfw_db.users1' doesn't exist
Mon, 20 Aug 2018 00:52:33 +0300 error SQLSTATE[42S02]: Base table or view not found: 1146 Table 'pfw_db.users1' doesn't exist
Mon, 20 Aug 2018 00:53:31 +0300 error SQLSTATE[42S02]: Base table or view not found: 1146 Table 'pfw_db.users1' doesn't exist
Mon, 20 Aug 2018 00:54:35 +0300 error SQLSTATE[42S02]: Base table or view not found: 1146 Table 'pfw_db.users1' doesn't exist
Mon, 20 Aug 2018 01:05:46 +0300 error SQLSTATE[42S02]: Base table or view not found: 1146 Table 'pfw_db.users1' doesn't exist
Mon, 20 Aug 2018 01:10:03 +0300 error SQLSTATE[42S02]: Base table or view not found: 1146 Table 'pfw_db.users1' doesn't exist
Mon, 20 Aug 2018 01:10:55 +0300 error SQLSTATE[42S02]: Base table or view not found: 1146 Table 'pfw_db.users1' doesn't exist
Mon, 20 Aug 2018 01:16:17 +0300 error SQLSTATE[42S02]: Base table or view not found: 1146 Table 'pfw_db.users1' doesn't exist
Mon, 20 Aug 2018 01:18:14 +0300 error SQLSTATE[42S02]: Base table or view not found: 1146 Table 'pfw_db.users1' doesn't exist
Mon, 20 Aug 2018 01:18:27 +0300 error SQLSTATE[42S02]: Base table or view not found: 1146 Table 'pfw_db.users1' doesn't exist
Mon, 20 Aug 2018 01:23:07 +0300 error SQLSTATE[42S02]: Base table or view not found: 1146 Table 'pfw_db.users1' doesn't exist
Mon, 20 Aug 2018 01:23:27 +0300 error SQLSTATE[42S02]: Base table or view not found: 1146 Table 'pfw_db.users1' doesn't exist
Mon, 20 Aug 2018 01:25:43 +0300 error SQLSTATE[42S02]: Base table or view not found: 1146 Table 'pfw_db.users1' doesn't exist
Mon, 20 Aug 2018 01:26:05 +0300 error SQLSTATE[42S02]: Base table or view not found: 1146 Table 'pfw_db.users1' doesn't exist
Mon, 20 Aug 2018 01:26:27 +0300 error SQLSTATE[42S02]: Base table or view not found: 1146 Table 'pfw_db.users1' doesn't exist
Mon, 20 Aug 2018 01:28:18 +0300 error SQLSTATE[42S02]: Base table or view not found: 1146 Table 'pfw_db.users1' doesn't exist
